2026-05-06 15:14:26.273 | INFO | lever | 🔄 Загрузка спецификаций Phemex...
2026-05-06 17:36:17.278 | INFO | lever | 🔄 Загрузка спецификаций Phemex...
2026-05-06 17:36:17.582 | INFO | lever | 🚀 Найдено 519 символов. Цель: 10x (Cross)
2026-05-06 17:36:17.582 | INFO | lever | 📡 Получение текущих настроек аккаунта...
2026-05-06 17:36:19.756 | INFO | lever | ℹ️ Текущий режим аккаунта: Hedged
2026-05-06 17:36:20.195 | DEBUG | lever | [BTCUSDT] Setup OK: 10x (Cross)
2026-05-06 17:36:20.935 | DEBUG | lever | [ETHUSDT] Setup OK: 10x (Cross)
2026-05-06 17:36:21.655 | DEBUG | lever | [XRPUSDT] Setup OK: 10x (Cross)
2026-05-06 17:36:22.368 | DEBUG | lever | [ADAUSDT] Setup OK: 10x (Cross)
2026-05-06 17:36:23.163 | DEBUG | lever | [SOLUSDT] Setup OK: 10x (Cross)
2026-05-06 17:36:23.883 | DEBUG | lever | [UNIUSDT] Setup OK: 10x (Cross)
2026-05-06 17:36:24.607 | DEBUG | lever | [DOTUSDT] Setup OK: 10x (Cross)
2026-05-06 17:36:25.430 | DEBUG | lever | [LINKUSDT] Setup OK: 10x (Cross)
2026-05-06 17:36:26.181 | DEBUG | lever | [ATOMUSDT] Setup OK: 10x (Cross)
2026-05-06 17:36:26.894 | DEBUG | lever | [LTCUSDT] Setup OK: 10x (Cross)
2026-05-06 17:36:27.597 | DEBUG | lever | [DOGEUSDT] Setup OK: 10x (Cross)
2026-05-06 17:36:28.305 | DEBUG | lever | [TWTUSDT] Setup OK: 10x (Cross)
2026-05-06 17:36:29.015 | DEBUG | lever | [BNBUSDT] Setup OK: 10x (Cross)
2026-05-06 17:36:29.735 | DEBUG | lever | [MANAUSDT] Setup OK: 10x (Cross)
2026-05-06 17:36:30.447 | DEBUG | lever | [APEUSDT] Setup OK: 10x (Cross)
2026-05-06 17:36:31.195 | DEBUG | lever | [LUNCUSDT] Setup OK: 10x (Cross)
2026-05-06 17:36:31.915 | DEBUG | lever | [FLOWUSDT] Setup OK: 10x (Cross)
2026-05-06 17:36:32.622 | DEBUG | lever | [NEOUSDT] Setup OK: 10x (Cross)
2026-05-06 17:36:33.321 | DEBUG | lever | [ACHUSDT] Setup OK: 10x (Cross)
2026-05-06 17:36:34.013 | DEBUG | lever | [BANDUSDT] Setup OK: 10x (Cross)
2026-05-06 17:36:34.759 | DEBUG | lever | [VETUSDT] Setup OK: 10x (Cross)
2026-05-06 17:36:35.489 | DEBUG | lever | [API3USDT] Setup OK: 10x (Cross)
2026-05-06 17:36:36.203 | DEBUG | lever | [SUSHIUSDT] Setup OK: 10x (Cross)
2026-05-06 17:36:36.901 | DEBUG | lever | [ENJUSDT] Setup OK: 10x (Cross)
2026-05-06 17:36:37.606 | DEBUG | lever | [XTZUSDT] Setup OK: 10x (Cross)
2026-05-06 17:36:38.321 | DEBUG | lever | [CHZUSDT] Setup OK: 10x (Cross)
2026-05-06 17:36:39.020 | DEBUG | lever | [JASMYUSDT] Setup OK: 10x (Cross)
2026-05-06 17:36:39.732 | DEBUG | lever | [THETAUSDT] Setup OK: 10x (Cross)
2026-05-06 17:36:40.430 | DEBUG | lever | [TRXUSDT] Setup OK: 10x (Cross)
2026-05-06 17:36:41.180 | DEBUG | lever | [RUNEUSDT] Setup OK: 10x (Cross)
2026-05-06 17:36:41.885 | DEBUG | lever | [AXSUSDT] Setup OK: 10x (Cross)
2026-05-06 17:36:42.582 | DEBUG | lever | [ETCUSDT] Setup OK: 10x (Cross)
2026-05-06 17:36:43.306 | DEBUG | lever | [RSRUSDT] Setup OK: 10x (Cross)
2026-05-06 17:36:44.002 | DEBUG | lever | [FILUSDT] Setup OK: 10x (Cross)
2026-05-06 17:36:44.701 | DEBUG | lever | [AVAXUSDT] Setup OK: 10x (Cross)
2026-05-06 17:36:45.396 | DEBUG | lever | [GMTUSDT] Setup OK: 10x (Cross)
2026-05-06 17:36:46.091 | DEBUG | lever | [ZRXUSDT] Setup OK: 10x (Cross)
2026-05-06 17:36:46.790 | DEBUG | lever | [MTLUSDT] Setup OK: 10x (Cross)
2026-05-06 17:36:47.498 | DEBUG | lever | [LUNA2USDT] Setup OK: 10x (Cross)
2026-05-06 17:36:48.236 | DEBUG | lever | [CRVUSDT] Setup OK: 10x (Cross)
2026-05-06 17:36:49.269 | DEBUG | lever | [APTUSDT] Setup OK: 10x (Cross)
2026-05-06 17:36:50.151 | DEBUG | lever | [MASKUSDT] Setup OK: 10x (Cross)
2026-05-06 17:36:50.846 | DEBUG | lever | [CELOUSDT] Setup OK: 10x (Cross)
2026-05-06 17:36:51.581 | DEBUG | lever | [ZECUSDT] Setup OK: 10x (Cross)
2026-05-06 17:36:52.286 | DEBUG | lever | [EGLDUSDT] Setup OK: 10x (Cross)
2026-05-06 17:36:53.000 | DEBUG | lever | [MAGICUSDT] Setup OK: 10x (Cross)
2026-05-06 17:36:53.718 | DEBUG | lever | [GALAUSDT] Setup OK: 10x (Cross)
2026-05-06 17:36:54.448 | DEBUG | lever | [ALICEUSDT] Setup OK: 10x (Cross)
2026-05-06 17:36:54.956 | DEBUG | lever | [U1000SHIBUSDT] Skip: Symbol not found or not supported
2026-05-06 17:36:55.657 | DEBUG | lever | [STORJUSDT] Setup OK: 10x (Cross)
2026-05-06 17:36:56.356 | DEBUG | lever | [GRTUSDT] Setup OK: 10x (Cross)
2026-05-06 17:36:57.243 | DEBUG | lever | [ARUSDT] Setup OK: 10x (Cross)
2026-05-06 17:36:58.023 | DEBUG | lever | [IMXUSDT] Setup OK: 10x (Cross)
2026-05-06 17:36:58.938 | DEBUG | lever | [QTUMUSDT] Setup OK: 10x (Cross)
2026-05-06 17:36:59.648 | DEBUG | lever | [OGNUSDT] Setup OK: 10x (Cross)
2026-05-06 17:37:00.382 | DEBUG | lever | [QNTUSDT] Setup OK: 10x (Cross)
2026-05-06 17:37:01.081 | DEBUG | lever | [RVNUSDT] Setup OK: 10x (Cross)
2026-05-06 17:37:01.813 | DEBUG | lever | [LDOUSDT] Setup OK: 10x (Cross)
2026-05-06 17:37:02.521 | DEBUG | lever | [ZILUSDT] Setup OK: 10x (Cross)
2026-05-06 17:37:03.218 | DEBUG | lever | [ALGOUSDT] Setup OK: 10x (Cross)
2026-05-06 17:37:03.963 | DEBUG | lever | [GMXUSDT] Setup OK: 10x (Cross)
2026-05-06 17:37:04.668 | DEBUG | lever | [C98USDT] Setup OK: 10x (Cross)
2026-05-06 17:37:05.415 | DEBUG | lever | [CHRUSDT] Setup OK: 10x (Cross)
2026-05-06 17:37:06.158 | DEBUG | lever | [BCHUSDT] Setup OK: 10x (Cross)
2026-05-06 17:37:06.883 | DEBUG | lever | [KAVAUSDT] Setup OK: 10x (Cross)
2026-05-06 17:37:07.767 | DEBUG | lever | [FLUXUSDT] Setup OK: 10x (Cross)
2026-05-06 17:37:08.716 | DEBUG | lever | [SNXUSDT] Setup OK: 10x (Cross)
2026-05-06 17:37:09.417 | DEBUG | lever | [BATUSDT] Setup OK: 10x (Cross)
2026-05-06 17:37:10.162 | DEBUG | lever | [NEARUSDT] Setup OK: 10x (Cross)
2026-05-06 17:37:10.904 | DEBUG | lever | [YFIUSDT] Setup OK: 10x (Cross)
2026-05-06 17:37:11.794 | DEBUG | lever | [ROSEUSDT] Setup OK: 10x (Cross)
2026-05-06 17:37:12.528 | DEBUG | lever | [ENSUSDT] Setup OK: 10x (Cross)
2026-05-06 17:37:13.238 | DEBUG | lever | [SANDUSDT] Setup OK: 10x (Cross)
2026-05-06 17:37:13.935 | DEBUG | lever | [PAXGUSDT] Setup OK: 10x (Cross)
2026-05-06 17:37:14.644 | DEBUG | lever | [XLMUSDT] Setup OK: 10x (Cross)
2026-05-06 17:37:15.369 | DEBUG | lever | [SKLUSDT] Setup OK: 10x (Cross)
2026-05-06 17:37:16.077 | DEBUG | lever | [DYDXUSDT] Setup OK: 10x (Cross)
2026-05-06 17:37:16.784 | DEBUG | lever | [INJUSDT] Setup OK: 10x (Cross)
2026-05-06 17:37:17.498 | DEBUG | lever | [ARPAUSDT] Setup OK: 10x (Cross)
2026-05-06 17:37:18.230 | DEBUG | lever | [AAVEUSDT] Setup OK: 10x (Cross)
2026-05-06 17:37:19.172 | DEBUG | lever | [AGLDUSDT] Setup OK: 10x (Cross)
2026-05-06 17:37:19.941 | DEBUG | lever | [DASHUSDT] Setup OK: 10x (Cross)
2026-05-06 17:37:20.644 | DEBUG | lever | [ONTUSDT] Setup OK: 10x (Cross)
2026-05-06 17:37:21.360 | DEBUG | lever | [OPUSDT] Setup OK: 10x (Cross)
2026-05-06 17:37:22.058 | DEBUG | lever | [1INCHUSDT] Setup OK: 10x (Cross)
2026-05-06 17:37:22.849 | DEBUG | lever | [STGUSDT] Setup OK: 10x (Cross)
2026-05-06 17:37:23.559 | DEBUG | lever | [ICPUSDT] Setup OK: 10x (Cross)
2026-05-06 17:37:24.258 | DEBUG | lever | [COTIUSDT] Setup OK: 10x (Cross)
2026-05-06 17:37:24.959 | DEBUG | lever | [LPTUSDT] Setup OK: 10x (Cross)
2026-05-06 17:37:25.661 | DEBUG | lever | [KNCUSDT] Setup OK: 10x (Cross)
2026-05-06 17:37:26.371 | DEBUG | lever | [HFTUSDT] Setup OK: 10x (Cross)
2026-05-06 17:37:27.074 | DEBUG | lever | [KSMUSDT] Setup OK: 10x (Cross)
2026-05-06 17:37:27.772 | DEBUG | lever | [IOTXUSDT] Setup OK: 10x (Cross)
2026-05-06 17:37:28.472 | DEBUG | lever | [COMPUSDT] Setup OK: 10x (Cross)
2026-05-06 17:37:29.175 | DEBUG | lever | [MINAUSDT] Setup OK: 10x (Cross)
2026-05-06 17:37:29.899 | DEBUG | lever | [ANKRUSDT] Setup OK: 10x (Cross)
2026-05-06 17:37:30.603 | DEBUG | lever | [ZENUSDT] Setup OK: 10x (Cross)
2026-05-06 17:37:31.295 | DEBUG | lever | [WOOUSDT] Setup OK: 10x (Cross)
2026-05-06 17:37:31.991 | DEBUG | lever | [YGGUSDT] Setup OK: 10x (Cross)
2026-05-06 17:37:32.701 | DEBUG | lever | [PEOPLEUSDT] Setup OK: 10x (Cross)
2026-05-06 17:37:33.488 | DEBUG | lever | [IOSTUSDT] Setup OK: 10x (Cross)
2026-05-06 17:37:34.184 | DEBUG | lever | [TUSDT] Setup OK: 10x (Cross)
2026-05-06 17:37:34.878 | DEBUG | lever | [FETUSDT] Setup OK: 10x (Cross)
2026-05-06 17:37:35.597 | DEBUG | lever | [HIGHUSDT] Setup OK: 10x (Cross)
2026-05-06 17:37:36.297 | DEBUG | lever | [BLURUSDT] Setup OK: 10x (Cross)
2026-05-06 17:37:36.998 | DEBUG | lever | [ASTRUSDT] Setup OK: 10x (Cross)
2026-05-06 17:37:37.870 | DEBUG | lever | [CFXUSDT] Setup OK: 10x (Cross)
2026-05-06 17:37:38.571 | DEBUG | lever | [STXUSDT] Setup OK: 10x (Cross)
2026-05-06 17:37:39.293 | DEBUG | lever | [SSVUSDT] Setup OK: 10x (Cross)
2026-05-06 17:37:39.994 | DEBUG | lever | [HBARUSDT] Setup OK: 10x (Cross)
2026-05-06 17:37:40.686 | DEBUG | lever | [CKBUSDT] Setup OK: 10x (Cross)
2026-05-06 17:37:41.392 | DEBUG | lever | [RLCUSDT] Setup OK: 10x (Cross)
2026-05-06 17:37:42.096 | DEBUG | lever | [LQTYUSDT] Setup OK: 10x (Cross)
2026-05-06 17:37:42.816 | DEBUG | lever | [ARBUSDT] Setup OK: 10x (Cross)
2026-05-06 17:37:43.516 | DEBUG | lever | [IDUSDT] Setup OK: 10x (Cross)
2026-05-06 17:37:44.214 | DEBUG | lever | [TLMUSDT] Setup OK: 10x (Cross)
2026-05-06 17:37:44.908 | DEBUG | lever | [ICXUSDT] Setup OK: 10x (Cross)
2026-05-06 17:37:46.046 | DEBUG | lever | [BELUSDT] Setup OK: 10x (Cross)
2026-05-06 17:37:46.868 | DEBUG | lever | [RPLUSDT] Setup OK: 10x (Cross)
2026-05-06 17:37:47.567 | DEBUG | lever | [SUIUSDT] Setup OK: 10x (Cross)
2026-05-06 17:37:48.079 | DEBUG | lever | [U1000PEPEUSDT] Skip: Symbol not found or not supported
2026-05-06 17:37:48.959 | DEBUG | lever | [EDUUSDT] Setup OK: 10x (Cross)
2026-05-06 17:37:49.463 | DEBUG | lever | [U1000FLOKIUSDT] Skip: Symbol not found or not supported
2026-05-06 17:37:50.176 | DEBUG | lever | [ORDIUSDT] Setup OK: 10x (Cross)
2026-05-06 17:37:50.682 | DEBUG | lever | [U1000XECUSDT] Skip: Symbol not found or not supported
2026-05-06 17:37:51.415 | DEBUG | lever | [MAVUSDT] Setup OK: 10x (Cross)
2026-05-06 17:37:52.117 | DEBUG | lever | [XVGUSDT] Setup OK: 10x (Cross)
2026-05-06 17:37:52.815 | DEBUG | lever | [WLDUSDT] Setup OK: 10x (Cross)
2026-05-06 17:37:53.523 | DEBUG | lever | [PENDLEUSDT] Setup OK: 10x (Cross)
2026-05-06 17:37:54.266 | DEBUG | lever | [AUCTIONUSDT] Setup OK: 10x (Cross)
2026-05-06 17:37:54.970 | DEBUG | lever | [ARKMUSDT] Setup OK: 10x (Cross)
2026-05-06 17:37:55.678 | DEBUG | lever | [SEIUSDT] Setup OK: 10x (Cross)
2026-05-06 17:37:56.516 | DEBUG | lever | [CYBERUSDT] Setup OK: 10x (Cross)
2026-05-06 17:37:57.412 | DEBUG | lever | [TRBUSDT] Setup OK: 10x (Cross)
2026-05-06 17:37:58.161 | DEBUG | lever | [XVSUSDT] Setup OK: 10x (Cross)
2026-05-06 17:37:58.855 | DEBUG | lever | [DUSKUSDT] Setup OK: 10x (Cross)
2026-05-06 17:37:59.555 | DEBUG | lever | [NMRUSDT] Setup OK: 10x (Cross)
2026-05-06 17:38:00.281 | DEBUG | lever | [ARKUSDT] Setup OK: 10x (Cross)
2026-05-06 17:38:01.001 | DEBUG | lever | [BIGTIMEUSDT] Setup OK: 10x (Cross)
2026-05-06 17:38:02.111 | DEBUG | lever | [BNTUSDT] Setup OK: 10x (Cross)
2026-05-06 17:38:02.870 | DEBUG | lever | [WAXPUSDT] Setup OK: 10x (Cross)
2026-05-06 17:38:03.601 | DEBUG | lever | [POLYXUSDT] Setup OK: 10x (Cross)
2026-05-06 17:38:04.362 | DEBUG | lever | [GASUSDT] Setup OK: 10x (Cross)
2026-05-06 17:38:05.093 | DEBUG | lever | [TIAUSDT] Setup OK: 10x (Cross)
2026-05-06 17:38:05.797 | DEBUG | lever | [MEMEUSDT] Setup OK: 10x (Cross)
2026-05-06 17:38:06.540 | DEBUG | lever | [CAKEUSDT] Setup OK: 10x (Cross)
2026-05-06 17:38:07.241 | DEBUG | lever | [STEEMUSDT] Setup OK: 10x (Cross)
2026-05-06 17:38:07.948 | DEBUG | lever | [ILVUSDT] Setup OK: 10x (Cross)
2026-05-06 17:38:08.670 | DEBUG | lever | [KASUSDT] Setup OK: 10x (Cross)
2026-05-06 17:38:09.375 | DEBUG | lever | [BEAMUSDT] Setup OK: 10x (Cross)
2026-05-06 17:38:09.888 | DEBUG | lever | [U1000BONKUSDT] Skip: Symbol not found or not supported
2026-05-06 17:38:10.585 | DEBUG | lever | [PYTHUSDT] Setup OK: 10x (Cross)
2026-05-06 17:38:11.285 | DEBUG | lever | [SUPERUSDT] Setup OK: 10x (Cross)
2026-05-06 17:38:11.979 | DEBUG | lever | [USTCUSDT] Setup OK: 10x (Cross)
2026-05-06 17:38:12.691 | DEBUG | lever | [ONGUSDT] Setup OK: 10x (Cross)
2026-05-06 17:38:13.470 | DEBUG | lever | [JTOUSDT] Setup OK: 10x (Cross)
2026-05-06 17:38:13.980 | DEBUG | lever | [U1000SATSUSDT] Skip: Symbol not found or not supported
2026-05-06 17:38:14.481 | DEBUG | lever | [U1000RATSUSDT] Skip: Symbol not found or not supported
2026-05-06 17:38:15.196 | DEBUG | lever | [ACEUSDT] Setup OK: 10x (Cross)
2026-05-06 17:38:15.908 | DEBUG | lever | [MOVRUSDT] Setup OK: 10x (Cross)
2026-05-06 17:38:16.603 | DEBUG | lever | [POWRUSDT] Setup OK: 10x (Cross)
2026-05-06 17:38:17.300 | DEBUG | lever | [XAIUSDT] Setup OK: 10x (Cross)
2026-05-06 17:38:18.004 | DEBUG | lever | [WIFUSDT] Setup OK: 10x (Cross)
2026-05-06 17:38:18.701 | DEBUG | lever | [MANTAUSDT] Setup OK: 10x (Cross)
2026-05-06 17:38:19.403 | DEBUG | lever | [ONDOUSDT] Setup OK: 10x (Cross)
2026-05-06 17:38:20.108 | DEBUG | lever | [UMAUSDT] Setup OK: 10x (Cross)
2026-05-06 17:38:20.809 | DEBUG | lever | [LSKUSDT] Setup OK: 10x (Cross)
2026-05-06 17:38:21.533 | DEBUG | lever | [ALTUSDT] Setup OK: 10x (Cross)
2026-05-06 17:38:22.225 | DEBUG | lever | [JUPUSDT] Setup OK: 10x (Cross)
2026-05-06 17:38:23.029 | DEBUG | lever | [ZETAUSDT] Setup OK: 10x (Cross)
2026-05-06 17:38:23.740 | DEBUG | lever | [RONUSDT] Setup OK: 10x (Cross)
2026-05-06 17:38:24.442 | DEBUG | lever | [DYMUSDT] Setup OK: 10x (Cross)
2026-05-06 17:38:25.178 | DEBUG | lever | [MAVIAUSDT] Setup OK: 10x (Cross)
2026-05-06 17:38:25.884 | DEBUG | lever | [PIXELUSDT] Setup OK: 10x (Cross)
2026-05-06 17:38:26.580 | DEBUG | lever | [STRKUSDT] Setup OK: 10x (Cross)
2026-05-06 17:38:27.290 | DEBUG | lever | [GLMUSDT] Setup OK: 10x (Cross)
2026-05-06 17:38:28.105 | DEBUG | lever | [PORTALUSDT] Setup OK: 10x (Cross)
2026-05-06 17:38:28.807 | DEBUG | lever | [TONUSDT] Setup OK: 10x (Cross)
2026-05-06 17:38:29.513 | DEBUG | lever | [AXLUSDT] Setup OK: 10x (Cross)
2026-05-06 17:38:30.402 | DEBUG | lever | [METISUSDT] Setup OK: 10x (Cross)
2026-05-06 17:38:31.114 | DEBUG | lever | [AEVOUSDT] Setup OK: 10x (Cross)
2026-05-06 17:38:31.815 | DEBUG | lever | [VANRYUSDT] Setup OK: 10x (Cross)
2026-05-06 17:38:32.518 | DEBUG | lever | [BOMEUSDT] Setup OK: 10x (Cross)
2026-05-06 17:38:33.218 | DEBUG | lever | [ETHFIUSDT] Setup OK: 10x (Cross)
2026-05-06 17:38:33.918 | DEBUG | lever | [POPCATUSDT] Setup OK: 10x (Cross)
2026-05-06 17:38:34.632 | DEBUG | lever | [WUSDT] Setup OK: 10x (Cross)
2026-05-06 17:38:35.345 | DEBUG | lever | [ENAUSDT] Setup OK: 10x (Cross)
2026-05-06 17:38:36.099 | DEBUG | lever | [TNSRUSDT] Setup OK: 10x (Cross)
2026-05-06 17:38:36.868 | DEBUG | lever | [SAGAUSDT] Setup OK: 10x (Cross)
2026-05-06 17:38:37.695 | DEBUG | lever | [TAOUSDT] Setup OK: 10x (Cross)
2026-05-06 17:38:38.461 | DEBUG | lever | [MERLUSDT] Setup OK: 10x (Cross)
2026-05-06 17:38:39.204 | DEBUG | lever | [MEWUSDT] Setup OK: 10x (Cross)
2026-05-06 17:38:39.912 | DEBUG | lever | [REZUSDT] Setup OK: 10x (Cross)
2026-05-06 17:38:40.747 | DEBUG | lever | [BRETTUSDT] Setup OK: 10x (Cross)
2026-05-06 17:38:41.455 | DEBUG | lever | [BBUSDT] Setup OK: 10x (Cross)
2026-05-06 17:38:42.165 | DEBUG | lever | [PTUSDT] Setup OK: 10x (Cross)
2026-05-06 17:38:42.874 | DEBUG | lever | [NOTUSDT] Setup OK: 10x (Cross)
2026-05-06 17:38:43.599 | DEBUG | lever | [TURBOUSDT] Setup OK: 10x (Cross)
2026-05-06 17:38:44.400 | DEBUG | lever | [IOUSDT] Setup OK: 10x (Cross)
2026-05-06 17:38:45.168 | DEBUG | lever | [ZKUSDT] Setup OK: 10x (Cross)
2026-05-06 17:38:45.890 | DEBUG | lever | [ZROUSDT] Setup OK: 10x (Cross)
2026-05-06 17:38:46.594 | DEBUG | lever | [BANANAUSDT] Setup OK: 10x (Cross)
2026-05-06 17:38:47.315 | DEBUG | lever | [RENDERUSDT] Setup OK: 10x (Cross)
2026-05-06 17:38:48.193 | DEBUG | lever | [RAREUSDT] Setup OK: 10x (Cross)
2026-05-06 17:38:48.895 | DEBUG | lever | [SYNUSDT] Setup OK: 10x (Cross)
2026-05-06 17:38:49.780 | DEBUG | lever | [SUNUSDT] Setup OK: 10x (Cross)
2026-05-06 17:38:50.480 | DEBUG | lever | [MBOXUSDT] Setup OK: 10x (Cross)
2026-05-06 17:38:51.010 | DEBUG | lever | [U1000000BABYDOGEUSDT] Skip: Symbol not found or not supported
2026-05-06 17:38:51.753 | DEBUG | lever | [NEIROUSDT] Setup OK: 10x (Cross)
2026-05-06 17:38:52.524 | DEBUG | lever | [POLUSDT] Setup OK: 10x (Cross)
2026-05-06 17:38:53.229 | DEBUG | lever | [FIDAUSDT] Setup OK: 10x (Cross)
2026-05-06 17:38:53.934 | DEBUG | lever | [CATIUSDT] Setup OK: 10x (Cross)
2026-05-06 17:38:54.673 | DEBUG | lever | [HMSTRUSDT] Setup OK: 10x (Cross)
2026-05-06 17:38:55.380 | DEBUG | lever | [DIAUSDT] Setup OK: 10x (Cross)
2026-05-06 17:38:56.087 | DEBUG | lever | [EIGENUSDT] Setup OK: 10x (Cross)
2026-05-06 17:38:56.888 | DEBUG | lever | [U1000CATUSDT] Skip: Symbol not found or not supported
2026-05-06 17:38:58.450 | DEBUG | lever | [DEEPUSDT] Setup OK: 10x (Cross)
2026-05-06 17:38:59.163 | DEBUG | lever | [SCRUSDT] Setup OK: 10x (Cross)
2026-05-06 17:39:00.053 | DEBUG | lever | [MOODENGUSDT] Setup OK: 10x (Cross)
2026-05-06 17:39:00.760 | DEBUG | lever | [GOATUSDT] Setup OK: 10x (Cross)
2026-05-06 17:39:01.459 | DEBUG | lever | [SANTOSUSDT] Setup OK: 10x (Cross)
2026-05-06 17:39:02.163 | DEBUG | lever | [SAFEUSDT] Setup OK: 10x (Cross)
2026-05-06 17:39:02.949 | DEBUG | lever | [GRASSUSDT] Setup OK: 10x (Cross)
2026-05-06 17:39:03.652 | DEBUG | lever | [CETUSUSDT] Setup OK: 10x (Cross)
2026-05-06 17:39:04.358 | DEBUG | lever | [COWUSDT] Setup OK: 10x (Cross)
2026-05-06 17:39:04.854 | DEBUG | lever | [U1000000MOGUSDT] Skip: Symbol not found or not supported
2026-05-06 17:39:05.755 | DEBUG | lever | [DRIFTUSDT] Setup OK: 10x (Cross)
2026-05-06 17:39:06.458 | DEBUG | lever | [PNUTUSDT] Setup OK: 10x (Cross)
2026-05-06 17:39:07.158 | DEBUG | lever | [ACTUSDT] Setup OK: 10x (Cross)
2026-05-06 17:39:07.858 | DEBUG | lever | [AKTUSDT] Setup OK: 10x (Cross)
2026-05-06 17:39:08.562 | DEBUG | lever | [BANUSDT] Setup OK: 10x (Cross)
2026-05-06 17:39:09.259 | DEBUG | lever | [SCRTUSDT] Setup OK: 10x (Cross)
2026-05-06 17:39:09.803 | DEBUG | lever | [U1000CHEEMSUSDT] Skip: Symbol not found or not supported
2026-05-06 17:39:10.505 | DEBUG | lever | [CHILLGUYUSDT] Setup OK: 10x (Cross)
2026-05-06 17:39:11.224 | DEBUG | lever | [MORPHOUSDT] Setup OK: 10x (Cross)
2026-05-06 17:39:11.918 | DEBUG | lever | [THEUSDT] Setup OK: 10x (Cross)
2026-05-06 17:39:12.619 | DEBUG | lever | [AEROUSDT] Setup OK: 10x (Cross)
2026-05-06 17:39:13.349 | DEBUG | lever | [KAIAUSDT] Setup OK: 10x (Cross)
2026-05-06 17:39:14.059 | DEBUG | lever | [MOVEUSDT] Setup OK: 10x (Cross)
2026-05-06 17:39:14.856 | DEBUG | lever | [ORCAUSDT] Setup OK: 10x (Cross)
2026-05-06 17:39:15.603 | DEBUG | lever | [ACXUSDT] Setup OK: 10x (Cross)
2026-05-06 17:39:16.496 | DEBUG | lever | [SPXUSDT] Setup OK: 10x (Cross)
2026-05-06 17:39:17.199 | DEBUG | lever | [VIRTUALUSDT] Setup OK: 10x (Cross)
2026-05-06 17:39:18.107 | DEBUG | lever | [MEUSDT] Setup OK: 10x (Cross)
2026-05-06 17:39:18.802 | DEBUG | lever | [VELODROMEUSDT] Setup OK: 10x (Cross)
2026-05-06 17:39:19.495 | DEBUG | lever | [AVAUSDT] Setup OK: 10x (Cross)
2026-05-06 17:39:20.213 | DEBUG | lever | [MOCAUSDT] Setup OK: 10x (Cross)
2026-05-06 17:39:20.929 | DEBUG | lever | [VANAUSDT] Setup OK: 10x (Cross)
2026-05-06 17:39:21.627 | DEBUG | lever | [PENGUUSDT] Setup OK: 10x (Cross)
2026-05-06 17:39:22.416 | DEBUG | lever | [HYPEUSDT] Setup OK: 10x (Cross)
2026-05-06 17:39:23.119 | DEBUG | lever | [USUALUSDT] Setup OK: 10x (Cross)
2026-05-06 17:39:23.810 | DEBUG | lever | [CGPTUSDT] Setup OK: 10x (Cross)
2026-05-06 17:39:24.504 | DEBUG | lever | [KMNOUSDT] Setup OK: 10x (Cross)
2026-05-06 17:39:25.204 | DEBUG | lever | [FARTCOINUSDT] Setup OK: 10x (Cross)
2026-05-06 17:39:25.897 | DEBUG | lever | [AIXBTUSDT] Setup OK: 10x (Cross)
2026-05-06 17:39:26.624 | DEBUG | lever | [DEXEUSDT] Setup OK: 10x (Cross)
2026-05-06 17:39:27.325 | DEBUG | lever | [PHAUSDT] Setup OK: 10x (Cross)
2026-05-06 17:39:28.055 | DEBUG | lever | [ZEREBROUSDT] Setup OK: 10x (Cross)
2026-05-06 17:39:28.758 | DEBUG | lever | [GRIFFAINUSDT] Setup OK: 10x (Cross)
2026-05-06 17:39:29.688 | DEBUG | lever | [BIOUSDT] Setup OK: 10x (Cross)
2026-05-06 17:39:30.470 | DEBUG | lever | [SWARMSUSDT] Setup OK: 10x (Cross)
2026-05-06 17:39:31.161 | DEBUG | lever | [ALCHUSDT] Setup OK: 10x (Cross)
2026-05-06 17:39:31.865 | DEBUG | lever | [COOKIEUSDT] Setup OK: 10x (Cross)
2026-05-06 17:39:32.654 | DEBUG | lever | [DUSDT] Setup OK: 10x (Cross)
2026-05-06 17:39:33.355 | DEBUG | lever | [SONICUSDT] Setup OK: 10x (Cross)
2026-05-06 17:39:34.049 | DEBUG | lever | [AVAAIUSDT] Setup OK: 10x (Cross)
2026-05-06 17:39:34.749 | DEBUG | lever | [SUSDT] Setup OK: 10x (Cross)
2026-05-06 17:39:35.446 | DEBUG | lever | [TRUMPUSDT] Setup OK: 10x (Cross)
2026-05-06 17:39:36.145 | DEBUG | lever | [MELANIAUSDT] Setup OK: 10x (Cross)
2026-05-06 17:39:36.844 | DEBUG | lever | [ARCUSDT] Setup OK: 10x (Cross)
2026-05-06 17:39:37.543 | DEBUG | lever | [SOLVUSDT] Setup OK: 10x (Cross)
2026-05-06 17:39:38.242 | DEBUG | lever | [ANIMEUSDT] Setup OK: 10x (Cross)
2026-05-06 17:39:38.950 | DEBUG | lever | [VVVUSDT] Setup OK: 10x (Cross)
2026-05-06 17:39:39.656 | DEBUG | lever | [PIPPINUSDT] Setup OK: 10x (Cross)
2026-05-06 17:39:40.365 | DEBUG | lever | [BERAUSDT] Setup OK: 10x (Cross)
2026-05-06 17:39:41.063 | DEBUG | lever | [TSTUSDT] Setup OK: 10x (Cross)
2026-05-06 17:39:41.762 | DEBUG | lever | [LAYERUSDT] Setup OK: 10x (Cross)
2026-05-06 17:39:42.464 | DEBUG | lever | [IPUSDT] Setup OK: 10x (Cross)
2026-05-06 17:39:43.166 | DEBUG | lever | [BROCCOLIUSDT] Setup OK: 10x (Cross)
2026-05-06 17:39:43.868 | DEBUG | lever | [HEIUSDT] Setup OK: 10x (Cross)
2026-05-06 17:39:44.576 | DEBUG | lever | [SHELLUSDT] Setup OK: 10x (Cross)
2026-05-06 17:39:45.276 | DEBUG | lever | [GPSUSDT] Setup OK: 10x (Cross)
2026-05-06 17:39:45.980 | DEBUG | lever | [KAITOUSDT] Setup OK: 10x (Cross)
2026-05-06 17:39:46.689 | DEBUG | lever | [REDUSDT] Setup OK: 10x (Cross)
2026-05-06 17:39:47.383 | DEBUG | lever | [BMTUSDT] Setup OK: 10x (Cross)
2026-05-06 17:39:48.095 | DEBUG | lever | [MUBARAKUSDT] Setup OK: 10x (Cross)
2026-05-06 17:39:48.811 | DEBUG | lever | [TUTUSDT] Setup OK: 10x (Cross)
2026-05-06 17:39:49.525 | DEBUG | lever | [FORMUSDT] Setup OK: 10x (Cross)
2026-05-06 17:39:50.250 | DEBUG | lever | [SIRENUSDT] Setup OK: 10x (Cross)
2026-05-06 17:39:50.944 | DEBUG | lever | [EPICUSDT] Setup OK: 10x (Cross)
2026-05-06 17:39:51.646 | DEBUG | lever | [PARTIUSDT] Setup OK: 10x (Cross)
2026-05-06 17:39:52.365 | DEBUG | lever | [NILUSDT] Setup OK: 10x (Cross)
2026-05-06 17:39:53.066 | DEBUG | lever | [PLUMEUSDT] Setup OK: 10x (Cross)
2026-05-06 17:39:53.773 | DEBUG | lever | [JELLYJELLYUSDT] Setup OK: 10x (Cross)
2026-05-06 17:39:54.467 | DEBUG | lever | [WALUSDT] Setup OK: 10x (Cross)
2026-05-06 17:39:55.166 | DEBUG | lever | [MLNUSDT] Setup OK: 10x (Cross)
2026-05-06 17:39:55.875 | DEBUG | lever | [GUNUSDT] Setup OK: 10x (Cross)
2026-05-06 17:39:56.568 | DEBUG | lever | [STOUSDT] Setup OK: 10x (Cross)
2026-05-06 17:39:57.273 | DEBUG | lever | [ATHUSDT] Setup OK: 10x (Cross)
2026-05-06 17:39:57.975 | DEBUG | lever | [BABYUSDT] Setup OK: 10x (Cross)
2026-05-06 17:39:58.743 | DEBUG | lever | [FHEUSDT] Setup OK: 10x (Cross)
2026-05-06 17:39:59.437 | DEBUG | lever | [PROMPTUSDT] Setup OK: 10x (Cross)
2026-05-06 17:40:00.146 | DEBUG | lever | [WCTUSDT] Setup OK: 10x (Cross)
2026-05-06 17:40:00.850 | DEBUG | lever | [FLUIDUSDT] Setup OK: 10x (Cross)
2026-05-06 17:40:01.565 | DEBUG | lever | [KERNELUSDT] Setup OK: 10x (Cross)
2026-05-06 17:40:02.264 | DEBUG | lever | [BANKUSDT] Setup OK: 10x (Cross)
2026-05-06 17:40:02.988 | DEBUG | lever | [AERGOUSDT] Setup OK: 10x (Cross)
2026-05-06 17:40:03.723 | DEBUG | lever | [HYPERUSDT] Setup OK: 10x (Cross)
2026-05-06 17:40:04.422 | DEBUG | lever | [ZORAUSDT] Setup OK: 10x (Cross)
2026-05-06 17:40:05.133 | ERROR | lever | [TROLLUSDT] Исключение настройки: private api request failed: phemex error [39108]: invalid leverages for polit contract
2026-05-06 17:40:05.879 | DEBUG | lever | [INITUSDT] Setup OK: 10x (Cross)
2026-05-06 17:40:06.588 | DEBUG | lever | [SIGNUSDT] Setup OK: 10x (Cross)
2026-05-06 17:40:07.388 | DEBUG | lever | [JSTUSDT] Setup OK: 10x (Cross)
2026-05-06 17:40:08.298 | DEBUG | lever | [HAEDALUSDT] Setup OK: 10x (Cross)
2026-05-06 17:40:09.215 | DEBUG | lever | [PUNDIXUSDT] Setup OK: 10x (Cross)
2026-05-06 17:40:09.915 | DEBUG | lever | [SYRUPUSDT] Setup OK: 10x (Cross)
2026-05-06 17:40:10.630 | DEBUG | lever | [B2USDT] Setup OK: 10x (Cross)
2026-05-06 17:40:11.347 | DEBUG | lever | [ALPINEUSDT] Setup OK: 10x (Cross)
2026-05-06 17:40:12.044 | DEBUG | lever | [ASRUSDT] Setup OK: 10x (Cross)
2026-05-06 17:40:12.753 | DEBUG | lever | [SXTUSDT] Setup OK: 10x (Cross)
2026-05-06 17:40:13.473 | DEBUG | lever | [DOODUSDT] Setup OK: 10x (Cross)
2026-05-06 17:40:14.177 | DEBUG | lever | [NXPCUSDT] Setup OK: 10x (Cross)
2026-05-06 17:40:14.874 | DEBUG | lever | [BANANAS31USDT] Setup OK: 10x (Cross)
2026-05-06 17:40:15.573 | DEBUG | lever | [CVCUSDT] Setup OK: 10x (Cross)
2026-05-06 17:40:16.277 | DEBUG | lever | [AWEUSDT] Setup OK: 10x (Cross)
2026-05-06 17:40:16.978 | DEBUG | lever | [SOONUSDT] Setup OK: 10x (Cross)
2026-05-06 17:40:17.681 | DEBUG | lever | [BUSDT] Setup OK: 10x (Cross)
2026-05-06 17:40:18.388 | DEBUG | lever | [BROCCOLIF3BUSDT] Setup OK: 10x (Cross)
2026-05-06 17:40:19.100 | DEBUG | lever | [HUMAUSDT] Setup OK: 10x (Cross)
2026-05-06 17:40:19.811 | DEBUG | lever | [SOPHUSDT] Setup OK: 10x (Cross)
2026-05-06 17:40:20.525 | DEBUG | lever | [AUSDT] Setup OK: 10x (Cross)
2026-05-06 17:40:21.404 | DEBUG | lever | [LAUSDT] Setup OK: 10x (Cross)
2026-05-06 17:40:22.110 | DEBUG | lever | [PUMPBTCUSDT] Setup OK: 10x (Cross)
2026-05-06 17:40:22.810 | DEBUG | lever | [HOMEUSDT] Setup OK: 10x (Cross)
2026-05-06 17:40:23.528 | DEBUG | lever | [RESOLVUSDT] Setup OK: 10x (Cross)
2026-05-06 17:40:24.228 | DEBUG | lever | [SQDUSDT] Setup OK: 10x (Cross)
2026-05-06 17:40:24.935 | DEBUG | lever | [TAIKOUSDT] Setup OK: 10x (Cross)
2026-05-06 17:40:25.664 | DEBUG | lever | [SPKUSDT] Setup OK: 10x (Cross)
2026-05-06 17:40:26.390 | DEBUG | lever | [FUSDT] Setup OK: 10x (Cross)
2026-05-06 17:40:27.092 | DEBUG | lever | [NEWTUSDT] Setup OK: 10x (Cross)
2026-05-06 17:40:27.795 | DEBUG | lever | [HUSDT] Setup OK: 10x (Cross)
2026-05-06 17:40:28.493 | DEBUG | lever | [SAHARAUSDT] Setup OK: 10x (Cross)
2026-05-06 17:40:29.193 | DEBUG | lever | [ICNTUSDT] Setup OK: 10x (Cross)
2026-05-06 17:40:29.895 | DEBUG | lever | [PUMPUSDT] Setup OK: 10x (Cross)
2026-05-06 17:40:30.646 | DEBUG | lever | [TACUSDT] Setup OK: 10x (Cross)
2026-05-06 17:40:31.350 | DEBUG | lever | [USELESSUSDT] Setup OK: 10x (Cross)
2026-05-06 17:40:32.051 | DEBUG | lever | [ERAUSDT] Setup OK: 10x (Cross)
2026-05-06 17:40:32.744 | DEBUG | lever | [TAUSDT] Setup OK: 10x (Cross)
2026-05-06 17:40:33.459 | DEBUG | lever | [BICOUSDT] Setup OK: 10x (Cross)
2026-05-06 17:40:34.166 | DEBUG | lever | [TREEUSDT] Setup OK: 10x (Cross)
2026-05-06 17:40:34.871 | DEBUG | lever | [ESPORTSUSDT] Setup OK: 10x (Cross)
2026-05-06 17:40:35.623 | DEBUG | lever | [NAORISUSDT] Setup OK: 10x (Cross)
2026-05-06 17:40:36.331 | DEBUG | lever | [MYXUSDT] Setup OK: 10x (Cross)
2026-05-06 17:40:37.031 | DEBUG | lever | [TOWNSUSDT] Setup OK: 10x (Cross)
2026-05-06 17:40:37.971 | DEBUG | lever | [PROVEUSDT] Setup OK: 10x (Cross)
2026-05-06 17:40:38.687 | DEBUG | lever | [IDOLUSDT] Setup OK: 10x (Cross)
2026-05-06 17:40:39.393 | DEBUG | lever | [INUSDT] Setup OK: 10x (Cross)
2026-05-06 17:40:40.093 | DEBUG | lever | [XNYUSDT] Setup OK: 10x (Cross)
2026-05-06 17:40:40.788 | DEBUG | lever | [AIOUSDT] Setup OK: 10x (Cross)
2026-05-06 17:40:41.494 | DEBUG | lever | [SAPIENUSDT] Setup OK: 10x (Cross)
2026-05-06 17:40:42.190 | DEBUG | lever | [BTRUSDT] Setup OK: 10x (Cross)
2026-05-06 17:40:42.895 | DEBUG | lever | [BASUSDT] Setup OK: 10x (Cross)
2026-05-06 17:40:43.593 | DEBUG | lever | [MITOUSDT] Setup OK: 10x (Cross)
2026-05-06 17:40:44.291 | DEBUG | lever | [WLFIUSDT] Setup OK: 10x (Cross)
2026-05-06 17:40:44.994 | DEBUG | lever | [QUSDT] Setup OK: 10x (Cross)
2026-05-06 17:40:45.741 | DEBUG | lever | [SOMIUSDT] Setup OK: 10x (Cross)
2026-05-06 17:40:46.431 | DEBUG | lever | [PTBUSDT] Setup OK: 10x (Cross)
2026-05-06 17:40:47.132 | DEBUG | lever | [ARIAUSDT] Setup OK: 10x (Cross)
2026-05-06 17:40:47.831 | DEBUG | lever | [TAKEUSDT] Setup OK: 10x (Cross)
2026-05-06 17:40:48.532 | DEBUG | lever | [OPENUSDT] Setup OK: 10x (Cross)
2026-05-06 17:40:49.226 | DEBUG | lever | [AVNTUSDT] Setup OK: 10x (Cross)
2026-05-06 17:40:50.421 | DEBUG | lever | [LINEAUSDT] Setup OK: 10x (Cross)
2026-05-06 17:40:51.118 | DEBUG | lever | [SKYUSDT] Setup OK: 10x (Cross)
2026-05-06 17:40:51.874 | DEBUG | lever | [HOLOUSDT] Setup OK: 10x (Cross)
2026-05-06 17:40:52.571 | DEBUG | lever | [UBUSDT] Setup OK: 10x (Cross)
2026-05-06 17:40:53.267 | DEBUG | lever | [XPINUSDT] Setup OK: 10x (Cross)
2026-05-06 17:40:53.972 | DEBUG | lever | [ZKCUSDT] Setup OK: 10x (Cross)
2026-05-06 17:40:54.677 | DEBUG | lever | [TOSHIUSDT] Setup OK: 10x (Cross)
2026-05-06 17:40:55.378 | DEBUG | lever | [BARDUSDT] Setup OK: 10x (Cross)
2026-05-06 17:40:56.256 | DEBUG | lever | [AIAUSDT] Setup OK: 10x (Cross)
2026-05-06 17:40:56.959 | DEBUG | lever | [STBLUSDT] Setup OK: 10x (Cross)
2026-05-06 17:40:57.653 | DEBUG | lever | [ASTERUSDT] Setup OK: 10x (Cross)
2026-05-06 17:40:58.358 | DEBUG | lever | [TRADOORUSDT] Setup OK: 10x (Cross)
2026-05-06 17:40:59.061 | DEBUG | lever | [0GUSDT] Setup OK: 10x (Cross)
2026-05-06 17:40:59.755 | DEBUG | lever | [XANUSDT] Setup OK: 10x (Cross)
2026-05-06 17:41:00.445 | DEBUG | lever | [BLESSUSDT] Setup OK: 10x (Cross)
2026-05-06 17:41:01.139 | DEBUG | lever | [HEMIUSDT] Setup OK: 10x (Cross)
2026-05-06 17:41:01.857 | DEBUG | lever | [COAIUSDT] Setup OK: 10x (Cross)
2026-05-06 17:41:02.549 | DEBUG | lever | [XPLUSDT] Setup OK: 10x (Cross)
2026-05-06 17:41:03.242 | DEBUG | lever | [MIRAUSDT] Setup OK: 10x (Cross)
2026-05-06 17:41:03.949 | DEBUG | lever | [HANAUSDT] Setup OK: 10x (Cross)
2026-05-06 17:41:04.639 | DEBUG | lever | [LIGHTUSDT] Setup OK: 10x (Cross)
2026-05-06 17:41:05.336 | DEBUG | lever | [AKEUSDT] Setup OK: 10x (Cross)
2026-05-06 17:41:06.037 | DEBUG | lever | [NOMUSDT] Setup OK: 10x (Cross)
2026-05-06 17:41:06.831 | DEBUG | lever | [FFUSDT] Setup OK: 10x (Cross)
2026-05-06 17:41:07.556 | DEBUG | lever | [TRUTHUSDT] Setup OK: 10x (Cross)
2026-05-06 17:41:08.291 | DEBUG | lever | [EDENUSDT] Setup OK: 10x (Cross)
2026-05-06 17:41:09.001 | DEBUG | lever | [2ZUSDT] Setup OK: 10x (Cross)
2026-05-06 17:41:09.696 | DEBUG | lever | [EVAAUSDT] Setup OK: 10x (Cross)
2026-05-06 17:41:10.789 | DEBUG | lever | [LYNUSDT] Setup OK: 10x (Cross)
2026-05-06 17:41:11.503 | DEBUG | lever | [KGENUSDT] Setup OK: 10x (Cross)
2026-05-06 17:41:12.245 | DEBUG | lever | [4USDT] Setup OK: 10x (Cross)
2026-05-06 17:41:12.944 | DEBUG | lever | [GIGGLEUSDT] Setup OK: 10x (Cross)
2026-05-06 17:41:13.652 | DEBUG | lever | [METUSDT] Setup OK: 10x (Cross)
2026-05-06 17:41:14.359 | DEBUG | lever | [CLOUSDT] Setup OK: 10x (Cross)
2026-05-06 17:41:15.073 | DEBUG | lever | [EULUSDT] Setup OK: 10x (Cross)
2026-05-06 17:41:15.773 | DEBUG | lever | [RECALLUSDT] Setup OK: 10x (Cross)
2026-05-06 17:41:16.479 | DEBUG | lever | [ENSOUSDT] Setup OK: 10x (Cross)
2026-05-06 17:41:17.178 | DEBUG | lever | [YBUSDT] Setup OK: 10x (Cross)
2026-05-06 17:41:17.884 | DEBUG | lever | [ZBTUSDT] Setup OK: 10x (Cross)
2026-05-06 17:41:18.578 | DEBUG | lever | [RIVERUSDT] Setup OK: 10x (Cross)
2026-05-06 17:41:19.275 | DEBUG | lever | [LABUSDT] Setup OK: 10x (Cross)
2026-05-06 17:41:20.155 | DEBUG | lever | [BLUAIUSDT] Setup OK: 10x (Cross)
2026-05-06 17:41:20.852 | DEBUG | lever | [TURTLEUSDT] Setup OK: 10x (Cross)
2026-05-06 17:41:21.543 | DEBUG | lever | [APRUSDT] Setup OK: 10x (Cross)
2026-05-06 17:41:22.421 | DEBUG | lever | [MONUSDT] Setup OK: 10x (Cross)
2026-05-06 17:41:23.123 | DEBUG | lever | [ATUSDT] Setup OK: 10x (Cross)
2026-05-06 17:41:23.863 | DEBUG | lever | [MMTUSDT] Setup OK: 10x (Cross)
2026-05-06 17:41:24.578 | DEBUG | lever | [MEGAUSDT] Setup OK: 10x (Cross)
2026-05-06 17:41:25.280 | DEBUG | lever | [KITEUSDT] Setup OK: 10x (Cross)
2026-05-06 17:41:25.987 | DEBUG | lever | [CCUSDT] Setup OK: 10x (Cross)
2026-05-06 17:41:26.675 | DEBUG | lever | [TRUSTUSDT] Setup OK: 10x (Cross)
2026-05-06 17:41:27.385 | DEBUG | lever | [UAIUSDT] Setup OK: 10x (Cross)
2026-05-06 17:41:28.088 | DEBUG | lever | [FOLKSUSDT] Setup OK: 10x (Cross)
2026-05-06 17:41:28.794 | DEBUG | lever | [STABLEUSDT] Setup OK: 10x (Cross)
2026-05-06 17:41:29.700 | DEBUG | lever | [JCTUSDT] Setup OK: 10x (Cross)
2026-05-06 17:41:30.403 | DEBUG | lever | [ALLOUSDT] Setup OK: 10x (Cross)
2026-05-06 17:41:31.098 | DEBUG | lever | [BEATUSDT] Setup OK: 10x (Cross)
2026-05-06 17:41:31.806 | DEBUG | lever | [PIEVERSEUSDT] Setup OK: 10x (Cross)
2026-05-06 17:41:32.515 | DEBUG | lever | [SENTUSDT] Setup OK: 10x (Cross)
2026-05-06 17:41:33.388 | DEBUG | lever | [IRYSUSDT] Setup OK: 10x (Cross)
2026-05-06 17:41:34.080 | DEBUG | lever | [WETUSDT] Setup OK: 10x (Cross)
2026-05-06 17:41:34.777 | DEBUG | lever | [POWERUSDT] Setup OK: 10x (Cross)
2026-05-06 17:41:35.484 | DEBUG | lever | [NIGHTUSDT] Setup OK: 10x (Cross)
2026-05-06 17:41:36.196 | DEBUG | lever | [CYSUSDT] Setup OK: 10x (Cross)
2026-05-06 17:41:36.887 | DEBUG | lever | [USUSDT] Setup OK: 10x (Cross)
2026-05-06 17:41:37.594 | DEBUG | lever | [RAVEUSDT] Setup OK: 10x (Cross)
2026-05-06 17:41:38.284 | DEBUG | lever | [ZKPUSDT] Setup OK: 10x (Cross)
2026-05-06 17:41:39.003 | DEBUG | lever | [GUAUSDT] Setup OK: 10x (Cross)
2026-05-06 17:41:39.717 | DEBUG | lever | [LITUSDT] Setup OK: 10x (Cross)
2026-05-06 17:41:40.418 | DEBUG | lever | [MAGMAUSDT] Setup OK: 10x (Cross)
2026-05-06 17:41:41.111 | DEBUG | lever | [BREVUSDT] Setup OK: 10x (Cross)
2026-05-06 17:41:41.824 | DEBUG | lever | [COLLECTUSDT] Setup OK: 10x (Cross)
2026-05-06 17:41:42.531 | DEBUG | lever | [WHITEWHALEUSDT] Setup OK: 10x (Cross)
2026-05-06 17:41:43.233 | DEBUG | lever | [ZAMAUSDT] Setup OK: 10x (Cross)
2026-05-06 17:41:43.932 | DEBUG | lever | [FOGOUSDT] Setup OK: 10x (Cross)
2026-05-06 17:41:44.651 | DEBUG | lever | [FRAXUSDT] Setup OK: 10x (Cross)
2026-05-06 17:41:45.526 | DEBUG | lever | [SPORTFUNUSDT] Setup OK: 10x (Cross)
2026-05-06 17:41:46.234 | DEBUG | lever | [ACUUSDT] Setup OK: 10x (Cross)
2026-05-06 17:41:46.926 | DEBUG | lever | [SKRUSDT] Setup OK: 10x (Cross)
2026-05-06 17:41:47.635 | DEBUG | lever | [ELSAUSDT] Setup OK: 10x (Cross)
2026-05-06 17:41:48.335 | DEBUG | lever | [FIGHTUSDT] Setup OK: 10x (Cross)
2026-05-06 17:41:49.044 | DEBUG | lever | [SPACEUSDT] Setup OK: 10x (Cross)
2026-05-06 17:41:49.741 | DEBUG | lever | [TSLAUSDT] Setup OK: 10x (Cross)
2026-05-06 17:41:50.446 | DEBUG | lever | [XAUUSDT] Setup OK: 10x (Cross)
2026-05-06 17:41:51.155 | DEBUG | lever | [BIRBUSDT] Setup OK: 10x (Cross)
2026-05-06 17:41:51.852 | DEBUG | lever | [GWEIUSDT] Setup OK: 10x (Cross)
2026-05-06 17:41:52.551 | DEBUG | lever | [XAGUSDT] Setup OK: 10x (Cross)
2026-05-06 17:41:53.245 | DEBUG | lever | [INXUSDT] Setup OK: 10x (Cross)
2026-05-06 17:41:53.956 | DEBUG | lever | [XPDUSDT] Setup OK: 10x (Cross)
2026-05-06 17:41:54.669 | DEBUG | lever | [HOODUSDT] Setup OK: 10x (Cross)
2026-05-06 17:41:55.358 | DEBUG | lever | [INTCUSDT] Setup OK: 10x (Cross)
2026-05-06 17:41:56.055 | DEBUG | lever | [NVDAUSDT] Setup OK: 10x (Cross)
2026-05-06 17:41:56.757 | DEBUG | lever | [CRCLUSDT] Setup OK: 10x (Cross)
2026-05-06 17:41:57.457 | DEBUG | lever | [METAUSDT] Setup OK: 10x (Cross)
2026-05-06 17:41:58.151 | DEBUG | lever | [GOOGLUSDT] Setup OK: 10x (Cross)
2026-05-06 17:41:58.854 | DEBUG | lever | [AAPLUSDT] Setup OK: 10x (Cross)
2026-05-06 17:41:59.561 | DEBUG | lever | [AMZNUSDT] Setup OK: 10x (Cross)
2026-05-06 17:42:00.271 | DEBUG | lever | [COINUSDT] Setup OK: 10x (Cross)
2026-05-06 17:42:00.962 | DEBUG | lever | [MSTRUSDT] Setup OK: 10x (Cross)
2026-05-06 17:42:01.669 | DEBUG | lever | [BABAUSDT] Setup OK: 10x (Cross)
2026-05-06 17:42:02.382 | DEBUG | lever | [ACNUSDT] Setup OK: 10x (Cross)
2026-05-06 17:42:03.100 | DEBUG | lever | [UNHUSDT] Setup OK: 10x (Cross)
2026-05-06 17:42:03.989 | DEBUG | lever | [RDDTUSDT] Setup OK: 10x (Cross)
2026-05-06 17:42:04.691 | DEBUG | lever | [PLTRUSDT] Setup OK: 10x (Cross)
2026-05-06 17:42:05.390 | DEBUG | lever | [ORCLUSDT] Setup OK: 10x (Cross)
2026-05-06 17:42:06.083 | DEBUG | lever | [TRIAUSDT] Setup OK: 10x (Cross)
2026-05-06 17:42:06.774 | DEBUG | lever | [ESPUSDT] Setup OK: 10x (Cross)
2026-05-06 17:42:07.471 | DEBUG | lever | [AZTECUSDT] Setup OK: 10x (Cross)
2026-05-06 17:42:08.170 | DEBUG | lever | [OPNUSDT] Setup OK: 10x (Cross)
2026-05-06 17:42:08.867 | DEBUG | lever | [ROBOUSDT] Setup OK: 10x (Cross)
2026-05-06 17:42:09.568 | DEBUG | lever | [XPTUSDT] Setup OK: 10x (Cross)
2026-05-06 17:42:10.268 | DEBUG | lever | [KATUSDT] Setup OK: 10x (Cross)
2026-05-06 17:42:10.981 | DEBUG | lever | [COPPERUSDT] Setup OK: 10x (Cross)
2026-05-06 17:42:11.690 | DEBUG | lever | [XTIUSDT] Setup OK: 10x (Cross)
2026-05-06 17:42:12.393 | DEBUG | lever | [XBRUSDT] Setup OK: 10x (Cross)
2026-05-06 17:42:13.101 | DEBUG | lever | [NAS100USDT] Setup OK: 10x (Cross)
2026-05-06 17:42:13.809 | DEBUG | lever | [GER40USDT] Setup OK: 10x (Cross)
2026-05-06 17:42:14.502 | DEBUG | lever | [UK100USDT] Setup OK: 10x (Cross)
2026-05-06 17:42:15.214 | DEBUG | lever | [HK50USDT] Setup OK: 10x (Cross)
2026-05-06 17:42:15.920 | DEBUG | lever | [US2000USDT] Setup OK: 10x (Cross)
2026-05-06 17:42:16.649 | DEBUG | lever | [SPYXUSDT] Setup OK: 10x (Cross)
2026-05-06 17:42:17.529 | DEBUG | lever | [AUS200USDT] Setup OK: 10x (Cross)
2026-05-06 17:42:18.222 | DEBUG | lever | [VIXUSDT] Setup OK: 10x (Cross)
2026-05-06 17:42:19.099 | DEBUG | lever | [HSCHKDUSDT] Setup OK: 10x (Cross)
2026-05-06 17:42:19.798 | DEBUG | lever | [TW88USDT] Setup OK: 10x (Cross)
2026-05-06 17:42:20.506 | DEBUG | lever | [SP500USDT] Setup OK: 10x (Cross)
2026-05-06 17:42:21.221 | DEBUG | lever | [EWYUSDT] Setup OK: 10x (Cross)
2026-05-06 17:42:21.937 | DEBUG | lever | [CFGUSDT] Setup OK: 10x (Cross)
2026-05-06 17:42:22.640 | DEBUG | lever | [EWJUSDT] Setup OK: 10x (Cross)
2026-05-06 17:42:23.334 | DEBUG | lever | [EDGEXUSDT] Setup OK: 10x (Cross)
2026-05-06 17:42:24.101 | DEBUG | lever | [NGUSDT] Setup OK: 10x (Cross)
2026-05-06 17:42:24.813 | DEBUG | lever | [PAYPUSDT] Setup OK: 10x (Cross)
2026-05-06 17:42:25.502 | DEBUG | lever | [BSBUSDT] Setup OK: 10x (Cross)
2026-05-06 17:42:26.196 | DEBUG | lever | [PRLUSDT] Setup OK: 10x (Cross)
2026-05-06 17:42:26.901 | DEBUG | lever | [BASEDUSDT] Setup OK: 10x (Cross)
2026-05-06 17:42:27.596 | DEBUG | lever | [TSMUSDT] Setup OK: 10x (Cross)
2026-05-06 17:42:28.298 | DEBUG | lever | [QQQUSDT] Setup OK: 10x (Cross)
2026-05-06 17:42:28.995 | DEBUG | lever | [SNDKUSDT] Setup OK: 10x (Cross)
2026-05-06 17:42:29.699 | DEBUG | lever | [MUXUSDT] Setup OK: 10x (Cross)
2026-05-06 17:42:30.412 | DEBUG | lever | [CHIPUSDT] Setup OK: 10x (Cross)
2026-05-06 17:42:31.107 | DEBUG | lever | [GENIUSUSDT] Setup OK: 10x (Cross)
2026-05-06 17:42:31.810 | DEBUG | lever | [AVGOUSDT] Setup OK: 10x (Cross)
2026-05-06 17:42:32.533 | DEBUG | lever | [MSFTUSDT] Setup OK: 10x (Cross)
2026-05-06 17:42:33.229 | DEBUG | lever | [OPGUSDT] Setup OK: 10x (Cross)
2026-05-06 17:42:33.923 | DEBUG | lever | [LITEUSDT] Setup OK: 10x (Cross)
2026-05-06 17:42:34.631 | DEBUG | lever | [AMDUSDT] Setup OK: 10x (Cross)
2026-05-06 17:42:35.328 | DEBUG | lever | [AIGENSYNUSDT] Setup OK: 10x (Cross)
2026-05-06 17:42:36.023 | DEBUG | lever | [BLENDUSDT] Setup OK: 10x (Cross)
2026-05-06 17:42:36.351 | INFO | lever | ✅ Настроено: 507, Уже ок: 0, Пропущено: 0
