2026-04-30 10:36:51 | INFO | main | [LEV] Скип установки (Leverage & Margin), так как set_previous == false
2026-04-30 10:36:52 | INFO | main | [TG] Запуск супервизора Telegram...
2026-04-30 10:37:18 | WARNING | main | 
[STOP] Ctrl+C / SIGINT. Graceful shutdown...
2026-04-30 10:37:18 | INFO | main | [CLEAN] Остановка бота и очистка ресурсов...
2026-04-30 10:37:19 | INFO | main | Stopping TG supervisor...
2026-04-30 10:37:19 | INFO | main | [EXIT] Программа безопасно завершена.
2026-04-30 10:38:55 | INFO | main | [LEV] Скип установки (Leverage & Margin), так как set_previous == false
2026-04-30 10:38:56 | INFO | main | [TG] Запуск супервизора Telegram...
2026-04-30 10:41:20 | WARNING | main | 
[STOP] Ctrl+C / SIGINT. Graceful shutdown...
2026-04-30 10:41:20 | INFO | main | [CLEAN] Остановка бота и очистка ресурсов...
2026-04-30 10:41:20 | INFO | main | Stopping TG supervisor...
2026-04-30 10:41:21 | INFO | main | [EXIT] Программа безопасно завершена.
2026-04-30 10:43:28 | INFO | main | [LEV] Скип установки (Leverage & Margin), так как set_previous == false
2026-04-30 10:43:28 | INFO | main | [TG] Запуск супервизора Telegram...
2026-04-30 10:45:35 | WARNING | main | 
[STOP] Ctrl+C / SIGINT. Graceful shutdown...
2026-04-30 10:45:35 | INFO | main | [CLEAN] Остановка бота и очистка ресурсов...
2026-04-30 10:45:36 | INFO | main | Stopping TG supervisor...
2026-04-30 10:45:36 | INFO | main | [EXIT] Программа безопасно завершена.
2026-04-30 12:02:26 | INFO | main | [LEV] Скип установки (Leverage & Margin), так как set_previous == false
2026-04-30 12:02:26 | INFO | main | [TG] Запуск супервизора Telegram...
2026-04-30 12:03:29 | WARNING | main | 
[STOP] Ctrl+C / SIGINT. Graceful shutdown...
2026-04-30 12:03:29 | INFO | main | [CLEAN] Остановка бота и очистка ресурсов...
2026-04-30 12:03:30 | INFO | main | Stopping TG supervisor...
2026-04-30 12:03:30 | INFO | main | [EXIT] Программа безопасно завершена.
2026-04-30 12:08:55 | INFO | main | [LEV] Скип установки (Leverage & Margin), так как set_previous == false
2026-04-30 12:08:55 | INFO | main | [TG] Запуск супервизора Telegram...
2026-04-30 12:09:45 | WARNING | main | 
[STOP] Ctrl+C / SIGINT. Graceful shutdown...
2026-04-30 12:09:45 | INFO | main | [CLEAN] Остановка бота и очистка ресурсов...
2026-04-30 12:09:46 | INFO | main | Stopping TG supervisor...
2026-04-30 12:09:46 | INFO | main | [EXIT] Программа безопасно завершена.
